<?xml version="1.0" encoding="UTF-8" ?>
<testsuite tests="3" failures="0" name="org.apetch.shiro.permission.test.TestSysUserDao" time="0.338" errors="0" skipped="0">
  <properties>
[...]
</properties>
  <testcase classname="org.apetch.shiro.permission.test.TestSysUserDao" name="testGetAllPers" time="0.308"/>
  <testcase classname="org.apetch.shiro.permission.test.TestSysUserDao" name="testGetbyId" time="0"/>
  <testcase classname="org.apetch.shiro.permission.test.TestSysUserDao" name="testGetByCondition" time="0.03"/>
</testsuite>